#
# There is insufficient memory for the Java Runtime Environment to continue.
# Native memory allocation (mmap) failed to map 134217728 bytes for Failed to commit area from 0x00000000d1200000 to 0x00000000d9200000 of length 134217728.
# Possible reasons:
#   The system is out of physical RAM or swap space
#   The process is running with CompressedOops enabled, and the Java Heap may be blocking the growth of the native heap
# Possible solutions:
#   Reduce memory load on the system
#   Increase physical memory or swap space
#   Check if swap backing store is full
#   Decrease Java heap size (-Xmx/-Xms)
#   Decrease number of Java threads
#   Decrease Java thread stack sizes (-Xss)
#   Set larger code cache with -XX:ReservedCodeCacheSize=
# This output file may be truncated or incomplete.
#
#  Out of Memory Error (./src/hotspot/os/windows/os_windows.cpp:3624), pid=8088, tid=7660
#
# JRE version:  (11.0.14.1+1) (build )
# Java VM: OpenJDK 64-Bit Server VM (11.0.14.1+1-b1751.46, mixed mode, sharing, tiered, compressed oops, g1 gc, windows-amd64)
# No core dump will be written. Minidumps are not enabled by default on client versions of Windows
#

---------------  S U M M A R Y ------------

Command Line: -Djava.rmi.server.hostname=127.0.0.1 -Duser.timezone=UTC -Xmx750m -Xms128m -Dfile.encoding=UTF-8 com.intellij.database.remote.RemoteJdbcServer org.mariadb.jdbc.Driver

Host: Intel(R) Core(TM) i5-3337U CPU @ 1.80GHz, 4 cores, 5G,  Windows 10 , 64 bit Build 17763 (10.0.17763.1)
Time: Mon Mar 28 21:07:12 2022 Europa de Est, ora de vara elapsed time: 0.019426 seconds (0d 0h 0m 0s)

---------------  T H R E A D  ---------------

Current thread (0x0000020137b0e000):  JavaThread "Unknown thread" [_thread_in_vm, id=7660, stack(0x000000584f100000,0x000000584f200000)]

Stack: [0x000000584f100000,0x000000584f200000]
Native frames: (J=compiled Java code, j=interpreted, Vv=VM code, C=native code)
V  [jvm.dll+0x61601a]
V  [jvm.dll+0x79c3b0]
V  [jvm.dll+0x79d9cd]
V  [jvm.dll+0x79e0a3]
V  [jvm.dll+0x24ca38]
V  [jvm.dll+0x613074]
V  [jvm.dll+0x607d75]
V  [jvm.dll+0x30b05b]
V  [jvm.dll+0x30afca]
V  [jvm.dll+0x30aea2]
V  [jvm.dll+0x30fde6]
V  [jvm.dll+0x35b473]
V  [jvm.dll+0x35bb76]
V  [jvm.dll+0x35b573]
V  [jvm.dll+0x2e57b8]
V  [jvm.dll+0x2e6967]
V  [jvm.dll+0x779377]
V  [jvm.dll+0x77ab6c]
V  [jvm.dll+0x368a19]
V  [jvm.dll+0x75ce8e]
V  [jvm.dll+0x3d6aa3]
V  [jvm.dll+0x3d8ff1]
C  [jli.dll+0x536b]
C  [ucrtbase.dll+0x203ba]
C  [KERNEL32.DLL+0x17e94]
C  [ntdll.dll+0x31af1]


---------------  P R O C E S S  ---------------

Threads class SMR info:
_java_thread_list=0x00000201359d2410, length=0, elements={
}

Java Threads: ( => current thread )

Other Threads:
  0x0000020137b27000 GCTaskThread "GC Thread#0" [stack: 0x000000584f200000,0x000000584f300000] [id=6432]
  0x0000020137b3f800 ConcurrentGCThread "G1 Main Marker" [stack: 0x000000584f300000,0x000000584f400000] [id=7244]
  0x0000020137b41000 ConcurrentGCThread "G1 Conc#0" [stack: 0x000000584f400000,0x000000584f500000] [id=1140]

[error occurred during error reporting (printing all threads), id 0xc0000005, EXCEPTION_ACCESS_VIOLATION (0xc0000005) at pc=0x00007ffa34c45f37]

VM state:not at safepoint (not fully initialized)

VM Mutex/Monitor currently owned by a thread:  ([mutex/lock_event])
[0x0000020137b0a540] Heap_lock - owner thread: 0x0000020137b0e000

Heap address: 0x00000000d1200000, size: 750 MB, Compressed Oops mode: Non-zero based: 0x00000000d1200000
Narrow klass base: 0x0000000000000000, Narrow klass shift: 0

GC Heap History (0 events):
No events

Deoptimization events (0 events):
No events

Classes redefined (0 events):
No events

Internal exceptions (0 events):
No events

Events (1 events):
Event: 0.009 Loaded shared library C:\Program Files\JetBrains\IntelliJ IDEA 2021.3.3\jbr\bin\zip.dll


Dynamic libraries:
0x00007ff61b3a0000 - 0x00007ff61b3aa000 	C:\Program Files\JetBrains\IntelliJ IDEA 2021.3.3\jbr\bin\java.exe
0x00007ffa54850000 - 0x00007ffa54a3d000 	C:\Windows\SYSTEM32\ntdll.dll
0x00007ffa52d70000 - 0x00007ffa52e23000 	C:\Windows\System32\KERNEL32.DLL
0x00007ffa50940000 - 0x00007ffa50bd3000 	C:\Windows\System32\KERNELBASE.dll
0x00007ffa50c40000 - 0x00007ffa50d3c000 	C:\Windows\System32\ucrtbase.dll
0x00007ffa496a0000 - 0x00007ffa496b9000 	C:\Program Files\JetBrains\IntelliJ IDEA 2021.3.3\jbr\bin\jli.dll
0x00007ffa49080000 - 0x00007ffa49096000 	C:\Program Files\JetBrains\IntelliJ IDEA 2021.3.3\jbr\bin\VCRUNTIME140.dll
0x00007ffa54320000 - 0x00007ffa544b7000 	C:\Windows\System32\USER32.dll
0x00007ffa461b0000 - 0x00007ffa46429000 	C:\Windows\WinSxS\amd64_microsoft.windows.common-controls_6595b64144ccf1df_6.0.17763.165_none_05b43718072034a6\COMCTL32.dll
0x00007ffa50920000 - 0x00007ffa50940000 	C:\Windows\System32\win32u.dll
0x00007ffa51c90000 - 0x00007ffa51d2e000 	C:\Windows\System32\msvcrt.dll
0x00007ffa52d40000 - 0x00007ffa52d69000 	C:\Windows\System32\GDI32.dll
0x00007ffa518e0000 - 0x00007ffa51a7a000 	C:\Windows\System32\gdi32full.dll
0x00007ffa51d30000 - 0x00007ffa5205d000 	C:\Windows\System32\combase.dll
0x00007ffa51810000 - 0x00007ffa518b0000 	C:\Windows\System32\msvcp_win.dll
0x00007ffa546f0000 - 0x00007ffa54813000 	C:\Windows\System32\RPCRT4.dll
0x00007ffa51790000 - 0x00007ffa5180e000 	C:\Windows\System32\bcryptPrimitives.dll
0x00007ffa52070000 - 0x00007ffa5209e000 	C:\Windows\System32\IMM32.DLL
0x00007ffa3a100000 - 0x00007ffa3a1aa000 	C:\Program Files\JetBrains\IntelliJ IDEA 2021.3.3\jbr\bin\msvcp140.dll
0x00007ffa34950000 - 0x00007ffa354ca000 	C:\Program Files\JetBrains\IntelliJ IDEA 2021.3.3\jbr\bin\server\jvm.dll
0x00007ffa52290000 - 0x00007ffa52333000 	C:\Windows\System32\ADVAPI32.dll
0x00007ffa52340000 - 0x00007ffa523de000 	C:\Windows\System32\sechost.dll
0x00007ffa520a0000 - 0x00007ffa520a8000 	C:\Windows\System32\PSAPI.DLL
0x00007ffa3a7b0000 - 0x00007ffa3a7b9000 	C:\Windows\SYSTEM32\WSOCK32.dll
0x00007ffa4e8c0000 - 0x00007ffa4e8e4000 	C:\Windows\SYSTEM32\WINMM.dll
0x00007ffa48400000 - 0x00007ffa4840a000 	C:\Windows\SYSTEM32\VERSION.dll
0x00007ffa520b0000 - 0x00007ffa5211d000 	C:\Windows\System32\WS2_32.dll
0x00007ffa4e520000 - 0x00007ffa4e54d000 	C:\Windows\SYSTEM32\winmmbase.dll
0x00007ffa51740000 - 0x00007ffa5178a000 	C:\Windows\System32\cfgmgr32.dll
0x00007ffa50870000 - 0x00007ffa50881000 	C:\Windows\System32\kernel.appcore.dll
0x00007ffa4d170000 - 0x00007ffa4d181000 	C:\Program Files\JetBrains\IntelliJ IDEA 2021.3.3\jbr\bin\verify.dll
0x00007ffa3ecf0000 - 0x00007ffa3eedd000 	C:\Windows\SYSTEM32\DBGHELP.DLL
0x00007ffa3ebd0000 - 0x00007ffa3ebfa000 	C:\Windows\SYSTEM32\dbgcore.DLL
0x00007ffa49e50000 - 0x00007ffa49e79000 	C:\Program Files\JetBrains\IntelliJ IDEA 2021.3.3\jbr\bin\java.dll
0x00007ffa4d160000 - 0x00007ffa4d16b000 	C:\Program Files\JetBrains\IntelliJ IDEA 2021.3.3\jbr\bin\jimage.dll
0x00007ffa4b080000 - 0x00007ffa4b099000 	C:\Program Files\JetBrains\IntelliJ IDEA 2021.3.3\jbr\bin\zip.dll

dbghelp: loaded successfully - version: 4.0.5 - missing functions: none
symbol engine: initialized successfully - sym options: 0x614 - pdb path: .;C:\Program Files\JetBrains\IntelliJ IDEA 2021.3.3\jbr\bin;C:\Windows\SYSTEM32;C:\Windows\WinSxS\amd64_microsoft.windows.common-controls_6595b64144ccf1df_6.0.17763.165_none_05b43718072034a6;C:\Program Files\JetBrains\IntelliJ IDEA 2021.3.3\jbr\bin\server

VM Arguments:
jvm_args: -Djava.rmi.server.hostname=127.0.0.1 -Duser.timezone=UTC -Xmx750m -Xms128m -Dfile.encoding=UTF-8 
java_command: com.intellij.database.remote.RemoteJdbcServer org.mariadb.jdbc.Driver
java_class_path (initial): C:\Program Files\JetBrains\IntelliJ IDEA 2021.3.3\lib\util.jar;C:\Program Files\JetBrains\IntelliJ IDEA 2021.3.3\lib\org_codehaus_groovy_groovy.jar;C:\Program Files\JetBrains\IntelliJ IDEA 2021.3.3\plugins\DatabaseTools\lib\jdbc-console.jar;C:\Users\d'or\AppData\Roaming\JetBrains\IntelliJIdea2021.3\jdbc-drivers\MariaDB Connector J\2.7.3\mariadb-java-client-2.7.3.jar
Launcher Type: SUN_STANDARD

[Global flags]
     intx CICompilerCount                          = 3                                         {product} {ergonomic}
     uint ConcGCThreads                            = 1                                         {product} {ergonomic}
     uint G1ConcRefinementThreads                  = 4                                         {product} {ergonomic}
   size_t G1HeapRegionSize                         = 1048576                                   {product} {ergonomic}
    uintx GCDrainStackTargetSize                   = 64                                        {product} {ergonomic}
   size_t InitialHeapSize                          = 134217728                                 {product} {command line}
   size_t MarkStackSize                            = 4194304                                   {product} {ergonomic}
   size_t MaxHeapSize                              = 786432000                                 {product} {command line}
   size_t MinHeapDeltaBytes                        = 1048576                                   {product} {ergonomic}
    uintx NonNMethodCodeHeapSize                   = 5830732                                {pd product} {ergonomic}
    uintx NonProfiledCodeHeapSize                  = 122913754                              {pd product} {ergonomic}
    uintx ProfiledCodeHeapSize                     = 122913754                              {pd product} {ergonomic}
    uintx ReservedCodeCacheSize                    = 251658240                              {pd product} {ergonomic}
     bool SegmentedCodeCache                       = true                                      {product} {ergonomic}
     bool UseCompressedClassPointers               = true                                 {lp64_product} {ergonomic}
     bool UseCompressedOops                        = true                                 {lp64_product} {ergonomic}
     bool UseG1GC                                  = true                                      {product} {ergonomic}
     bool UseLargePagesIndividualAllocation        = false                                  {pd product} {ergonomic}

Logging:
Log output configuration:
 #0: stdout all=warning uptime,level,tags
 #1: stderr all=off uptime,level,tags

Environment Variables:
PATH=C:\Windows\system32;C:\Windows;C:\Windows\System32\Wbem;C:\Windows\System32\WindowsPowerShell\v1.0\;C:\Windows\System32\OpenSSH\;C:\Program Files\nodejs\;C:\Program Files\mingw-w64\x86_64-8.1.0-posix-seh-rt_v6-rev0\mingw64\bin;C:\Program Files\Java\jdk-12.0.2\bin;C:\Program Files (x86)\IVI Foundation\VISA\WinNT\Bin\;C:\Program Files\IVI Foundation\VISA\Win64\Bin\;C:\Program Files (x86)\IVI Foundation\VISA\WinNT\Bin;C:\Maven-Apache\apache-maven-3.6.3\bin;C:\Program Files\Docker\Docker\resources\bin;C:\ProgramData\DockerDesktop\version-bin;C:\Program Files\Git\cmd;C:\Users\d'or\AppData\Local\Microsoft\WindowsApps;C:\Users\d'or\AppData\Roaming\npm;C:\Users\d'or\AppData\Local\Programs\Microsoft VS Code\bin;C:\Program Files\JetBrains\WebStorm 2018.3.5\bin;;C:\Program Files\heroku\bin
USERNAME=d'or
OS=Windows_NT
PROCESSOR_IDENTIFIER=Intel64 Family 6 Model 58 Stepping 9, GenuineIntel



---------------  S Y S T E M  ---------------

OS: Windows 10 , 64 bit Build 17763 (10.0.17763.1)
OS uptime: 0 days 4:14 hours
Hyper-V role detected

CPU:total 4 (initial active 4) (2 cores per cpu, 2 threads per core) family 6 model 58 stepping 9 microcode 0x1f, cmov, cx8, fxsr, mmx, sse, sse2, sse3, ssse3, sse4.1, sse4.2, popcnt, avx, aes, clmul, erms, ht, tsc, tscinvbit, tscinv

Memory: 4k page, system-wide physical 5581M (1208M free)
TotalPageFile size 5837M (AvailPageFile size 37M)
current process WorkingSet (physical memory assigned to process): 9M, peak: 9M
current process commit charge ("private bytes"): 51M, peak: 179M

vm_info: OpenJDK 64-Bit Server VM (11.0.14.1+1-b1751.46) for windows-amd64 JRE (11.0.14.1+1-b1751.46), built on Feb 21 2022 15:19:20 by "" with MS VC++ 14.0 (VS2015)

END.
